<?xml version="1.0" encoding="UTF-8"?>
<!-- Generated by org.testng.reporters.JUnitXMLReporter -->
<testsuite ignored="0" hostname="AGowda" failures="0" tests="27" name="OpenCart Tests" time="488.281" errors="0" timestamp="2023-09-04T19:03:27 CEST">
  <testcase classname="testCases.TC_001_AccountRegistration" name="test_account_Registration" time="12.037"/>
  <testcase classname="testCases.TC_002_Login" name="test_Login" time="9.923"/>
  <testcase classname="testCases.TC_004Search" name="test_search" time="16.878"/>
  <testcase classname="testCases.TC_005_Addcart" name="test_addcart" time="12.042"/>
  <testcase classname="testCases.TC_006_ProductCompare" name="test_productcompare" time="17.163"/>
  <testcase classname="testCases.TC_007_WishList" name="test_wishlist" time="26.485"/>
  <testcase classname="testCases.TC_008_ProductDisplayPage" name="test_productdisplay" time="15.528"/>
  <testcase classname="testCases.TC_009_ForgotPassword" name="test_forgotpassword" time="13.185"/>
  <testcase classname="testCases.TC_010_ShoppingCart" name="test_ShoppingCart" time="41.206"/>
  <testcase classname="testCases.TC_011_Checkout" name="test_checkout" time="27.809"/>
  <testcase classname="testCases.TC_012_MyAccount" name="test_Myaccount" time="18.85"/>
  <testcase classname="testCases.TC_013_MyAccountInformation" name="test_MyAccountInformation" time="14.655"/>
  <testcase classname="testCases.TC_014_ChangePassword" name="test_changepassword" time="17.564"/>
  <testcase classname="testCases.TC_015_AddressBook" name="test_Addressbook" time="15.366"/>
  <testcase classname="testCases.TC_016_OderHistory" name="test_OrderHistory" time="10.521"/>
  <testcase classname="testCases.TC_017_Downloads" name="test_downloads" time="12.875"/>
  <testcase classname="testCases.TC_018_RewardPoints" name="test_RewardPoint" time="10.814"/>
  <testcase classname="testCases.TC_019_Returns" name="test_Returns" time="10.869"/>
  <testcase classname="testCases.TC_020_Transections" name="test_transections" time="10.806"/>
  <testcase classname="testCases.TC_021_RecurringPayment" name="test_RecurringPayment" time="10.902"/>
  <testcase classname="testCases.TC_022_Newsletter" name="test_Newletter" time="17.884"/>
  <testcase classname="testCases.TC_023_Affiliate" name="test_Newletter" time="16.208"/>
  <testcase classname="testCases.TC_024_ContactUs" name="test_contactus" time="16.212"/>
  <testcase classname="testCases.TC_025_SpecialOffer" name="test_contactus" time="15.14"/>
  <testcase classname="testCases.TC_026_HeaderMenuFooterOptions" name="test_HeaderFooterMenuOptions" time="13.16"/>
  <testcase classname="testCases.TC_027_GiftCertificate" name="test_HeaderFooterMenuOptions" time="18.673"/>
  <testcase classname="testCases.TC_028_Currency" name="test_currency" time="13.587"/>
</testsuite> <!-- OpenCart Tests -->
