<?xml version="1.0" encoding="UTF-8"?>
<testng-results ignored="0" total="27" passed="27" failed="0" skipped="0">
  <reporter-output>
  </reporter-output>
  <suite started-at="2023-09-04T18:55:18 CEST" name="OpenCart TestSuite" finished-at="2023-09-04T19:03:27 CEST" duration-ms="488281">
    <groups>
      <group name="regression">
        <method signature="TC_001_AccountRegistration.test_account_Registration()[pri:0, instance:testCases.TC_001_AccountRegistration@55634720]" name="test_account_Registration" class="testCases.TC_001_AccountRegistration"/>
      </group> <!-- regression -->
      <group name="sanity">
        <method signature="TC_002_Login.test_Login()[pri:0, instance:testCases.TC_002_Login@4b0d79fc]" name="test_Login" class="testCases.TC_002_Login"/>
      </group> <!-- sanity -->
      <group name="master">
        <method signature="TC_001_AccountRegistration.test_account_Registration()[pri:0, instance:testCases.TC_001_AccountRegistration@55634720]" name="test_account_Registration" class="testCases.TC_001_AccountRegistration"/>
        <method signature="TC_002_Login.test_Login()[pri:0, instance:testCases.TC_002_Login@4b0d79fc]" name="test_Login" class="testCases.TC_002_Login"/>
      </group> <!-- master -->
    </groups>
    <test started-at="2023-09-04T18:55:18 CEST" name="OpenCart Tests" finished-at="2023-09-04T19:03:27 CEST" duration-ms="488281">
      <class name="testCases.TC_025_SpecialOffer">
        <test-method is-config="true" signature="setup(java.lang.String)[pri:0, instance:testCases.TC_025_SpecialOffer@73e9cf30]" started-at="2023-09-04T19:02:20 CEST" name="setup" finished-at="2023-09-04T19:02:21 CEST" duration-ms="1426" status="PASS">
          <params>
            <param index="0">
              <value>
                <![CDATA[chrome]]>
              </value>
            </param>
          </params>
          <reporter-output>
          </reporter-output>
        </test-method> <!-- setup -->
        <test-method signature="test_contactus()[pri:0, instance:testCases.TC_025_SpecialOffer@73e9cf30]" started-at="2023-09-04T19:02:21 CEST" name="test_contactus" finished-at="2023-09-04T19:02:36 CEST" duration-ms="15140" status="PASS">
          <reporter-output>
          </reporter-output>
        </test-method> <!-- test_contactus -->
        <test-method is-config="true" signature="teadDown()[pri:0, instance:testCases.TC_025_SpecialOffer@73e9cf30]" started-at="2023-09-04T19:02:36 CEST" name="teadDown" finished-at="2023-09-04T19:02:36 CEST" duration-ms="263" status="PASS">
          <reporter-output>
          </reporter-output>
        </test-method> <!-- teadDown -->
      </class> <!-- testCases.TC_025_SpecialOffer -->
      <class name="testCases.TC_012_MyAccount">
        <test-method is-config="true" signature="setup(java.lang.String)[pri:0, instance:testCases.TC_012_MyAccount@48aca48b]" started-at="2023-09-04T18:58:54 CEST" name="setup" finished-at="2023-09-04T18:58:55 CEST" duration-ms="1376" status="PASS">
          <params>
            <param index="0">
              <value>
                <![CDATA[chrome]]>
              </value>
            </param>
          </params>
          <reporter-output>
          </reporter-output>
        </test-method> <!-- setup -->
        <test-method signature="test_Myaccount()[pri:0, instance:testCases.TC_012_MyAccount@48aca48b]" started-at="2023-09-04T18:58:55 CEST" name="test_Myaccount" finished-at="2023-09-04T18:59:14 CEST" duration-ms="18850" status="PASS">
          <reporter-output>
          </reporter-output>
        </test-method> <!-- test_Myaccount -->
        <test-method is-config="true" signature="teadDown()[pri:0, instance:testCases.TC_012_MyAccount@48aca48b]" started-at="2023-09-04T18:59:14 CEST" name="teadDown" finished-at="2023-09-04T18:59:14 CEST" duration-ms="330" status="PASS">
          <reporter-output>
          </reporter-output>
        </test-method> <!-- teadDown -->
      </class> <!-- testCases.TC_012_MyAccount -->
      <class name="testCases.TC_013_MyAccountInformation">
        <test-method is-config="true" signature="setup(java.lang.String)[pri:0, instance:testCases.TC_013_MyAccountInformation@13fd2ccd]" started-at="2023-09-04T18:59:14 CEST" name="setup" finished-at="2023-09-04T18:59:15 CEST" duration-ms="1291" status="PASS">
          <params>
            <param index="0">
              <value>
                <![CDATA[chrome]]>
              </value>
            </param>
          </params>
          <reporter-output>
          </reporter-output>
        </test-method> <!-- setup -->
        <test-method signature="test_MyAccountInformation()[pri:0, instance:testCases.TC_013_MyAccountInformation@13fd2ccd]" started-at="2023-09-04T18:59:15 CEST" name="test_MyAccountInformation" finished-at="2023-09-04T18:59:30 CEST" duration-ms="14655" status="PASS">
          <reporter-output>
          </reporter-output>
        </test-method> <!-- test_MyAccountInformation -->
        <test-method is-config="true" signature="teadDown()[pri:0, instance:testCases.TC_013_MyAccountInformation@13fd2ccd]" started-at="2023-09-04T18:59:30 CEST" name="teadDown" finished-at="2023-09-04T18:59:30 CEST" duration-ms="294" status="PASS">
          <reporter-output>
          </reporter-output>
        </test-method> <!-- teadDown -->
      </class> <!-- testCases.TC_013_MyAccountInformation -->
      <class name="testCases.TC_014_ChangePassword">
        <test-method is-config="true" signature="setup(java.lang.String)[pri:0, instance:testCases.TC_014_ChangePassword@b9b00e0]" started-at="2023-09-04T18:59:30 CEST" name="setup" finished-at="2023-09-04T18:59:32 CEST" duration-ms="1296" status="PASS">
          <params>
            <param index="0">
              <value>
                <![CDATA[chrome]]>
              </value>
            </param>
          </params>
          <reporter-output>
          </reporter-output>
        </test-method> <!-- setup -->
        <test-method signature="test_changepassword()[pri:0, instance:testCases.TC_014_ChangePassword@b9b00e0]" started-at="2023-09-04T18:59:32 CEST" name="test_changepassword" finished-at="2023-09-04T18:59:49 CEST" duration-ms="17564" status="PASS">
          <reporter-output>
          </reporter-output>
        </test-method> <!-- test_changepassword -->
        <test-method is-config="true" signature="teadDown()[pri:0, instance:testCases.TC_014_ChangePassword@b9b00e0]" started-at="2023-09-04T18:59:49 CEST" name="teadDown" finished-at="2023-09-04T18:59:50 CEST" duration-ms="493" status="PASS">
          <reporter-output>
          </reporter-output>
        </test-method> <!-- teadDown -->
      </class> <!-- testCases.TC_014_ChangePassword -->
      <class name="testCases.TC_027_GiftCertificate">
        <test-method is-config="true" signature="setup(java.lang.String)[pri:0, instance:testCases.TC_027_GiftCertificate@2d52216b]" started-at="2023-09-04T19:02:51 CEST" name="setup" finished-at="2023-09-04T19:02:53 CEST" duration-ms="1258" status="PASS">
          <params>
            <param index="0">
              <value>
                <![CDATA[chrome]]>
              </value>
            </param>
          </params>
          <reporter-output>
          </reporter-output>
        </test-method> <!-- setup -->
        <test-method signature="test_HeaderFooterMenuOptions()[pri:0, instance:testCases.TC_027_GiftCertificate@2d52216b]" started-at="2023-09-04T19:02:53 CEST" name="test_HeaderFooterMenuOptions" finished-at="2023-09-04T19:03:11 CEST" duration-ms="18673" status="PASS">
          <reporter-output>
          </reporter-output>
        </test-method> <!-- test_HeaderFooterMenuOptions -->
        <test-method is-config="true" signature="teadDown()[pri:0, instance:testCases.TC_027_GiftCertificate@2d52216b]" started-at="2023-09-04T19:03:11 CEST" name="teadDown" finished-at="2023-09-04T19:03:12 CEST" duration-ms="330" status="PASS">
          <reporter-output>
          </reporter-output>
        </test-method> <!-- teadDown -->
      </class> <!-- testCases.TC_027_GiftCertificate -->
      <class name="testCases.TC_022_Newsletter">
        <test-method is-config="true" signature="setup(java.lang.String)[pri:0, instance:testCases.TC_022_Newsletter@7db12bb6]" started-at="2023-09-04T19:01:24 CEST" name="setup" finished-at="2023-09-04T19:01:25 CEST" duration-ms="1286" status="PASS">
          <params>
            <param index="0">
              <value>
                <![CDATA[chrome]]>
              </value>
            </param>
          </params>
          <reporter-output>
          </reporter-output>
        </test-method> <!-- setup -->
        <test-method signature="test_Newletter()[pri:0, instance:testCases.TC_022_Newsletter@7db12bb6]" started-at="2023-09-04T19:01:25 CEST" name="test_Newletter" finished-at="2023-09-04T19:01:43 CEST" duration-ms="17884" status="PASS">
          <reporter-output>
          </reporter-output>
        </test-method> <!-- test_Newletter -->
        <test-method is-config="true" signature="teadDown()[pri:0, instance:testCases.TC_022_Newsletter@7db12bb6]" started-at="2023-09-04T19:01:43 CEST" name="teadDown" finished-at="2023-09-04T19:01:44 CEST" duration-ms="1266" status="PASS">
          <reporter-output>
          </reporter-output>
        </test-method> <!-- teadDown -->
      </class> <!-- testCases.TC_022_Newsletter -->
      <class name="testCases.TC_028_Currency">
        <test-method is-config="true" signature="setup(java.lang.String)[pri:0, instance:testCases.TC_028_Currency@242b836]" started-at="2023-09-04T19:03:12 CEST" name="setup" finished-at="2023-09-04T19:03:13 CEST" duration-ms="1201" status="PASS">
          <params>
            <param index="0">
              <value>
                <![CDATA[chrome]]>
              </value>
            </param>
          </params>
          <reporter-output>
          </reporter-output>
        </test-method> <!-- setup -->
        <test-method signature="test_currency()[pri:0, instance:testCases.TC_028_Currency@242b836]" started-at="2023-09-04T19:03:13 CEST" name="test_currency" finished-at="2023-09-04T19:03:26 CEST" duration-ms="13587" status="PASS">
          <reporter-output>
          </reporter-output>
        </test-method> <!-- test_currency -->
        <test-method is-config="true" signature="teadDown()[pri:0, instance:testCases.TC_028_Currency@242b836]" started-at="2023-09-04T19:03:26 CEST" name="teadDown" finished-at="2023-09-04T19:03:27 CEST" duration-ms="328" status="PASS">
          <reporter-output>
          </reporter-output>
        </test-method> <!-- teadDown -->
      </class> <!-- testCases.TC_028_Currency -->
      <class name="testCases.TC_004Search">
        <test-method is-config="true" signature="setup(java.lang.String)[pri:0, instance:testCases.TC_004Search@4c1909a3]" started-at="2023-09-04T18:55:48 CEST" name="setup" finished-at="2023-09-04T18:55:50 CEST" duration-ms="1321" status="PASS">
          <params>
            <param index="0">
              <value>
                <![CDATA[chrome]]>
              </value>
            </param>
          </params>
          <reporter-output>
          </reporter-output>
        </test-method> <!-- setup -->
        <test-method signature="test_search()[pri:0, instance:testCases.TC_004Search@4c1909a3]" started-at="2023-09-04T18:55:50 CEST" name="test_search" finished-at="2023-09-04T18:56:07 CEST" duration-ms="16878" status="PASS">
          <reporter-output>
          </reporter-output>
        </test-method> <!-- test_search -->
        <test-method is-config="true" signature="teadDown()[pri:0, instance:testCases.TC_004Search@4c1909a3]" started-at="2023-09-04T18:56:07 CEST" name="teadDown" finished-at="2023-09-04T18:56:07 CEST" duration-ms="411" status="PASS">
          <reporter-output>
          </reporter-output>
        </test-method> <!-- teadDown -->
      </class> <!-- testCases.TC_004Search -->
      <class name="testCases.TC_019_Returns">
        <test-method is-config="true" signature="setup(java.lang.String)[pri:0, instance:testCases.TC_019_Returns@53aac487]" started-at="2023-09-04T19:00:46 CEST" name="setup" finished-at="2023-09-04T19:00:47 CEST" duration-ms="1191" status="PASS">
          <params>
            <param index="0">
              <value>
                <![CDATA[chrome]]>
              </value>
            </param>
          </params>
          <reporter-output>
          </reporter-output>
        </test-method> <!-- setup -->
        <test-method signature="test_Returns()[pri:0, instance:testCases.TC_019_Returns@53aac487]" started-at="2023-09-04T19:00:47 CEST" name="test_Returns" finished-at="2023-09-04T19:00:58 CEST" duration-ms="10869" status="PASS">
          <reporter-output>
          </reporter-output>
        </test-method> <!-- test_Returns -->
        <test-method is-config="true" signature="teadDown()[pri:0, instance:testCases.TC_019_Returns@53aac487]" started-at="2023-09-04T19:00:58 CEST" name="teadDown" finished-at="2023-09-04T19:00:59 CEST" duration-ms="300" status="PASS">
          <reporter-output>
          </reporter-output>
        </test-method> <!-- teadDown -->
      </class> <!-- testCases.TC_019_Returns -->
      <class name="testCases.TC_016_OderHistory">
        <test-method is-config="true" signature="setup(java.lang.String)[pri:0, instance:testCases.TC_016_OderHistory@7d4f9aae]" started-at="2023-09-04T19:00:07 CEST" name="setup" finished-at="2023-09-04T19:00:08 CEST" duration-ms="1267" status="PASS">
          <params>
            <param index="0">
              <value>
                <![CDATA[chrome]]>
              </value>
            </param>
          </params>
          <reporter-output>
          </reporter-output>
        </test-method> <!-- setup -->
        <test-method signature="test_OrderHistory()[pri:0, instance:testCases.TC_016_OderHistory@7d4f9aae]" started-at="2023-09-04T19:00:08 CEST" name="test_OrderHistory" finished-at="2023-09-04T19:00:18 CEST" duration-ms="10521" status="PASS">
          <reporter-output>
          </reporter-output>
        </test-method> <!-- test_OrderHistory -->
        <test-method is-config="true" signature="teadDown()[pri:0, instance:testCases.TC_016_OderHistory@7d4f9aae]" started-at="2023-09-04T19:00:18 CEST" name="teadDown" finished-at="2023-09-04T19:00:19 CEST" duration-ms="504" status="PASS">
          <reporter-output>
          </reporter-output>
        </test-method> <!-- teadDown -->
      </class> <!-- testCases.TC_016_OderHistory -->
      <class name="testCases.TC_015_AddressBook">
        <test-method is-config="true" signature="setup(java.lang.String)[pri:0, instance:testCases.TC_015_AddressBook@506ae4d4]" started-at="2023-09-04T18:59:50 CEST" name="setup" finished-at="2023-09-04T18:59:51 CEST" duration-ms="1339" status="PASS">
          <params>
            <param index="0">
              <value>
                <![CDATA[chrome]]>
              </value>
            </param>
          </params>
          <reporter-output>
          </reporter-output>
        </test-method> <!-- setup -->
        <test-method signature="test_Addressbook()[pri:0, instance:testCases.TC_015_AddressBook@506ae4d4]" started-at="2023-09-04T18:59:51 CEST" name="test_Addressbook" finished-at="2023-09-04T19:00:06 CEST" duration-ms="15366" status="PASS">
          <reporter-output>
          </reporter-output>
        </test-method> <!-- test_Addressbook -->
        <test-method is-config="true" signature="teadDown()[pri:0, instance:testCases.TC_015_AddressBook@506ae4d4]" started-at="2023-09-04T19:00:06 CEST" name="teadDown" finished-at="2023-09-04T19:00:07 CEST" duration-ms="251" status="PASS">
          <reporter-output>
          </reporter-output>
        </test-method> <!-- teadDown -->
      </class> <!-- testCases.TC_015_AddressBook -->
      <class name="testCases.TC_018_RewardPoints">
        <test-method is-config="true" signature="setup(java.lang.String)[pri:0, instance:testCases.TC_018_RewardPoints@54e1c68b]" started-at="2023-09-04T19:00:33 CEST" name="setup" finished-at="2023-09-04T19:00:35 CEST" duration-ms="1378" status="PASS">
          <params>
            <param index="0">
              <value>
                <![CDATA[chrome]]>
              </value>
            </param>
          </params>
          <reporter-output>
          </reporter-output>
        </test-method> <!-- setup -->
        <test-method signature="test_RewardPoint()[pri:0, instance:testCases.TC_018_RewardPoints@54e1c68b]" started-at="2023-09-04T19:00:35 CEST" name="test_RewardPoint" finished-at="2023-09-04T19:00:46 CEST" duration-ms="10814" status="PASS">
          <reporter-output>
          </reporter-output>
        </test-method> <!-- test_RewardPoint -->
        <test-method is-config="true" signature="teadDown()[pri:0, instance:testCases.TC_018_RewardPoints@54e1c68b]" started-at="2023-09-04T19:00:46 CEST" name="teadDown" finished-at="2023-09-04T19:00:46 CEST" duration-ms="600" status="PASS">
          <reporter-output>
          </reporter-output>
        </test-method> <!-- teadDown -->
      </class> <!-- testCases.TC_018_RewardPoints -->
      <class name="testCases.TC_020_Transections">
        <test-method is-config="true" signature="setup(java.lang.String)[pri:0, instance:testCases.TC_020_Transections@52b1beb6]" started-at="2023-09-04T19:00:59 CEST" name="setup" finished-at="2023-09-04T19:01:00 CEST" duration-ms="1348" status="PASS">
          <params>
            <param index="0">
              <value>
                <![CDATA[chrome]]>
              </value>
            </param>
          </params>
          <reporter-output>
          </reporter-output>
        </test-method> <!-- setup -->
        <test-method signature="test_transections()[pri:0, instance:testCases.TC_020_Transections@52b1beb6]" started-at="2023-09-04T19:01:00 CEST" name="test_transections" finished-at="2023-09-04T19:01:11 CEST" duration-ms="10806" status="PASS">
          <reporter-output>
          </reporter-output>
        </test-method> <!-- test_transections -->
        <test-method is-config="true" signature="teadDown()[pri:0, instance:testCases.TC_020_Transections@52b1beb6]" started-at="2023-09-04T19:01:11 CEST" name="teadDown" finished-at="2023-09-04T19:01:11 CEST" duration-ms="422" status="PASS">
          <reporter-output>
          </reporter-output>
        </test-method> <!-- teadDown -->
      </class> <!-- testCases.TC_020_Transections -->
      <class name="testCases.TC_021_RecurringPayment">
        <test-method is-config="true" signature="setup(java.lang.String)[pri:0, instance:testCases.TC_021_RecurringPayment@273e7444]" started-at="2023-09-04T19:01:11 CEST" name="setup" finished-at="2023-09-04T19:01:12 CEST" duration-ms="1237" status="PASS">
          <params>
            <param index="0">
              <value>
                <![CDATA[chrome]]>
              </value>
            </param>
          </params>
          <reporter-output>
          </reporter-output>
        </test-method> <!-- setup -->
        <test-method signature="test_RecurringPayment()[pri:0, instance:testCases.TC_021_RecurringPayment@273e7444]" started-at="2023-09-04T19:01:12 CEST" name="test_RecurringPayment" finished-at="2023-09-04T19:01:23 CEST" duration-ms="10902" status="PASS">
          <reporter-output>
          </reporter-output>
        </test-method> <!-- test_RecurringPayment -->
        <test-method is-config="true" signature="teadDown()[pri:0, instance:testCases.TC_021_RecurringPayment@273e7444]" started-at="2023-09-04T19:01:23 CEST" name="teadDown" finished-at="2023-09-04T19:01:24 CEST" duration-ms="359" status="PASS">
          <reporter-output>
          </reporter-output>
        </test-method> <!-- teadDown -->
      </class> <!-- testCases.TC_021_RecurringPayment -->
      <class name="testCases.TC_010_ShoppingCart">
        <test-method is-config="true" signature="setup(java.lang.String)[pri:0, instance:testCases.TC_010_ShoppingCart@4efac082]" started-at="2023-09-04T18:57:41 CEST" name="setup" finished-at="2023-09-04T18:57:43 CEST" duration-ms="1289" status="PASS">
          <params>
            <param index="0">
              <value>
                <![CDATA[chrome]]>
              </value>
            </param>
          </params>
          <reporter-output>
          </reporter-output>
        </test-method> <!-- setup -->
        <test-method signature="test_ShoppingCart()[pri:0, instance:testCases.TC_010_ShoppingCart@4efac082]" started-at="2023-09-04T18:57:43 CEST" name="test_ShoppingCart" finished-at="2023-09-04T18:58:24 CEST" duration-ms="41206" status="PASS">
          <reporter-output>
          </reporter-output>
        </test-method> <!-- test_ShoppingCart -->
        <test-method is-config="true" signature="teadDown()[pri:0, instance:testCases.TC_010_ShoppingCart@4efac082]" started-at="2023-09-04T18:58:24 CEST" name="teadDown" finished-at="2023-09-04T18:58:24 CEST" duration-ms="284" status="PASS">
          <reporter-output>
          </reporter-output>
        </test-method> <!-- teadDown -->
      </class> <!-- testCases.TC_010_ShoppingCart -->
      <class name="testCases.TC_011_Checkout">
        <test-method is-config="true" signature="setup(java.lang.String)[pri:0, instance:testCases.TC_011_Checkout@6bd61f98]" started-at="2023-09-04T18:58:24 CEST" name="setup" finished-at="2023-09-04T18:58:25 CEST" duration-ms="1388" status="PASS">
          <params>
            <param index="0">
              <value>
                <![CDATA[chrome]]>
              </value>
            </param>
          </params>
          <reporter-output>
          </reporter-output>
        </test-method> <!-- setup -->
        <test-method signature="test_checkout()[pri:0, instance:testCases.TC_011_Checkout@6bd61f98]" started-at="2023-09-04T18:58:25 CEST" name="test_checkout" finished-at="2023-09-04T18:58:53 CEST" duration-ms="27809" status="PASS">
          <reporter-output>
          </reporter-output>
        </test-method> <!-- test_checkout -->
        <test-method is-config="true" signature="teadDown()[pri:0, instance:testCases.TC_011_Checkout@6bd61f98]" started-at="2023-09-04T18:58:53 CEST" name="teadDown" finished-at="2023-09-04T18:58:54 CEST" duration-ms="318" status="PASS">
          <reporter-output>
          </reporter-output>
        </test-method> <!-- teadDown -->
      </class> <!-- testCases.TC_011_Checkout -->
      <class name="testCases.TC_001_AccountRegistration">
        <test-method is-config="true" signature="setup(java.lang.String)[pri:0, instance:testCases.TC_001_AccountRegistration@55634720]" started-at="2023-09-04T18:55:19 CEST" name="setup" finished-at="2023-09-04T18:55:23 CEST" duration-ms="4262" status="PASS">
          <params>
            <param index="0">
              <value>
                <![CDATA[chrome]]>
              </value>
            </param>
          </params>
          <reporter-output>
          </reporter-output>
        </test-method> <!-- setup -->
        <test-method signature="test_account_Registration()[pri:0, instance:testCases.TC_001_AccountRegistration@55634720]" started-at="2023-09-04T18:55:23 CEST" name="test_account_Registration" finished-at="2023-09-04T18:55:35 CEST" duration-ms="12037" status="PASS">
          <reporter-output>
          </reporter-output>
        </test-method> <!-- test_account_Registration -->
        <test-method is-config="true" signature="teadDown()[pri:0, instance:testCases.TC_001_AccountRegistration@55634720]" started-at="2023-09-04T18:55:35 CEST" name="teadDown" finished-at="2023-09-04T18:55:36 CEST" duration-ms="677" status="PASS">
          <reporter-output>
          </reporter-output>
        </test-method> <!-- teadDown -->
      </class> <!-- testCases.TC_001_AccountRegistration -->
      <class name="testCases.TC_007_WishList">
        <test-method is-config="true" signature="setup(java.lang.String)[pri:0, instance:testCases.TC_007_WishList@2d710f1a]" started-at="2023-09-04T18:56:40 CEST" name="setup" finished-at="2023-09-04T18:56:41 CEST" duration-ms="1396" status="PASS">
          <params>
            <param index="0">
              <value>
                <![CDATA[chrome]]>
              </value>
            </param>
          </params>
          <reporter-output>
          </reporter-output>
        </test-method> <!-- setup -->
        <test-method signature="test_wishlist()[pri:0, instance:testCases.TC_007_WishList@2d710f1a]" started-at="2023-09-04T18:56:41 CEST" name="test_wishlist" finished-at="2023-09-04T18:57:08 CEST" duration-ms="26485" status="PASS">
          <reporter-output>
          </reporter-output>
        </test-method> <!-- test_wishlist -->
        <test-method is-config="true" signature="teadDown()[pri:0, instance:testCases.TC_007_WishList@2d710f1a]" started-at="2023-09-04T18:57:08 CEST" name="teadDown" finished-at="2023-09-04T18:57:08 CEST" duration-ms="299" status="PASS">
          <reporter-output>
          </reporter-output>
        </test-method> <!-- teadDown -->
      </class> <!-- testCases.TC_007_WishList -->
      <class name="testCases.TC_017_Downloads">
        <test-method is-config="true" signature="setup(java.lang.String)[pri:0, instance:testCases.TC_017_Downloads@72e5a8e]" started-at="2023-09-04T19:00:19 CEST" name="setup" finished-at="2023-09-04T19:00:20 CEST" duration-ms="1244" status="PASS">
          <params>
            <param index="0">
              <value>
                <![CDATA[chrome]]>
              </value>
            </param>
          </params>
          <reporter-output>
          </reporter-output>
        </test-method> <!-- setup -->
        <test-method signature="test_downloads()[pri:0, instance:testCases.TC_017_Downloads@72e5a8e]" started-at="2023-09-04T19:00:20 CEST" name="test_downloads" finished-at="2023-09-04T19:00:33 CEST" duration-ms="12875" status="PASS">
          <reporter-output>
          </reporter-output>
        </test-method> <!-- test_downloads -->
        <test-method is-config="true" signature="teadDown()[pri:0, instance:testCases.TC_017_Downloads@72e5a8e]" started-at="2023-09-04T19:00:33 CEST" name="teadDown" finished-at="2023-09-04T19:00:33 CEST" duration-ms="334" status="PASS">
          <reporter-output>
          </reporter-output>
        </test-method> <!-- teadDown -->
      </class> <!-- testCases.TC_017_Downloads -->
      <class name="testCases.TC_009_ForgotPassword">
        <test-method is-config="true" signature="setup(java.lang.String)[pri:0, instance:testCases.TC_009_ForgotPassword@59505b48]" started-at="2023-09-04T18:57:26 CEST" name="setup" finished-at="2023-09-04T18:57:28 CEST" duration-ms="1314" status="PASS">
          <params>
            <param index="0">
              <value>
                <![CDATA[chrome]]>
              </value>
            </param>
          </params>
          <reporter-output>
          </reporter-output>
        </test-method> <!-- setup -->
        <test-method signature="test_forgotpassword()[pri:0, instance:testCases.TC_009_ForgotPassword@59505b48]" started-at="2023-09-04T18:57:28 CEST" name="test_forgotpassword" finished-at="2023-09-04T18:57:41 CEST" duration-ms="13185" status="PASS">
          <reporter-output>
          </reporter-output>
        </test-method> <!-- test_forgotpassword -->
        <test-method is-config="true" signature="teadDown()[pri:0, instance:testCases.TC_009_ForgotPassword@59505b48]" started-at="2023-09-04T18:57:41 CEST" name="teadDown" finished-at="2023-09-04T18:57:41 CEST" duration-ms="295" status="PASS">
          <reporter-output>
          </reporter-output>
        </test-method> <!-- teadDown -->
      </class> <!-- testCases.TC_009_ForgotPassword -->
      <class name="testCases.TC_008_ProductDisplayPage">
        <test-method is-config="true" signature="setup(java.lang.String)[pri:0, instance:testCases.TC_008_ProductDisplayPage@29215f06]" started-at="2023-09-04T18:57:08 CEST" name="setup" finished-at="2023-09-04T18:57:10 CEST" duration-ms="1548" status="PASS">
          <params>
            <param index="0">
              <value>
                <![CDATA[chrome]]>
              </value>
            </param>
          </params>
          <reporter-output>
          </reporter-output>
        </test-method> <!-- setup -->
        <test-method signature="test_productdisplay()[pri:0, instance:testCases.TC_008_ProductDisplayPage@29215f06]" started-at="2023-09-04T18:57:10 CEST" name="test_productdisplay" finished-at="2023-09-04T18:57:25 CEST" duration-ms="15528" status="PASS">
          <reporter-output>
          </reporter-output>
        </test-method> <!-- test_productdisplay -->
        <test-method is-config="true" signature="teadDown()[pri:0, instance:testCases.TC_008_ProductDisplayPage@29215f06]" started-at="2023-09-04T18:57:25 CEST" name="teadDown" finished-at="2023-09-04T18:57:26 CEST" duration-ms="1272" status="PASS">
          <reporter-output>
          </reporter-output>
        </test-method> <!-- teadDown -->
      </class> <!-- testCases.TC_008_ProductDisplayPage -->
      <class name="testCases.TC_006_ProductCompare">
        <test-method is-config="true" signature="setup(java.lang.String)[pri:0, instance:testCases.TC_006_ProductCompare@d9345cd]" started-at="2023-09-04T18:56:21 CEST" name="setup" finished-at="2023-09-04T18:56:22 CEST" duration-ms="1519" status="PASS">
          <params>
            <param index="0">
              <value>
                <![CDATA[chrome]]>
              </value>
            </param>
          </params>
          <reporter-output>
          </reporter-output>
        </test-method> <!-- setup -->
        <test-method signature="test_productcompare()[pri:0, instance:testCases.TC_006_ProductCompare@d9345cd]" started-at="2023-09-04T18:56:22 CEST" name="test_productcompare" finished-at="2023-09-04T18:56:40 CEST" duration-ms="17163" status="PASS">
          <reporter-output>
          </reporter-output>
        </test-method> <!-- test_productcompare -->
        <test-method is-config="true" signature="teadDown()[pri:0, instance:testCases.TC_006_ProductCompare@d9345cd]" started-at="2023-09-04T18:56:40 CEST" name="teadDown" finished-at="2023-09-04T18:56:40 CEST" duration-ms="313" status="PASS">
          <reporter-output>
          </reporter-output>
        </test-method> <!-- teadDown -->
      </class> <!-- testCases.TC_006_ProductCompare -->
      <class name="testCases.TC_026_HeaderMenuFooterOptions">
        <test-method is-config="true" signature="setup(java.lang.String)[pri:0, instance:testCases.TC_026_HeaderMenuFooterOptions@771a660]" started-at="2023-09-04T19:02:36 CEST" name="setup" finished-at="2023-09-04T19:02:38 CEST" duration-ms="1355" status="PASS">
          <params>
            <param index="0">
              <value>
                <![CDATA[chrome]]>
              </value>
            </param>
          </params>
          <reporter-output>
          </reporter-output>
        </test-method> <!-- setup -->
        <test-method signature="test_HeaderFooterMenuOptions()[pri:0, instance:testCases.TC_026_HeaderMenuFooterOptions@771a660]" started-at="2023-09-04T19:02:38 CEST" name="test_HeaderFooterMenuOptions" finished-at="2023-09-04T19:02:51 CEST" duration-ms="13160" status="PASS">
          <reporter-output>
          </reporter-output>
        </test-method> <!-- test_HeaderFooterMenuOptions -->
        <test-method is-config="true" signature="teadDown()[pri:0, instance:testCases.TC_026_HeaderMenuFooterOptions@771a660]" started-at="2023-09-04T19:02:51 CEST" name="teadDown" finished-at="2023-09-04T19:02:51 CEST" duration-ms="299" status="PASS">
          <reporter-output>
          </reporter-output>
        </test-method> <!-- teadDown -->
      </class> <!-- testCases.TC_026_HeaderMenuFooterOptions -->
      <class name="testCases.TC_024_ContactUs">
        <test-method is-config="true" signature="setup(java.lang.String)[pri:0, instance:testCases.TC_024_ContactUs@272113c4]" started-at="2023-09-04T19:02:02 CEST" name="setup" finished-at="2023-09-04T19:02:03 CEST" duration-ms="1265" status="PASS">
          <params>
            <param index="0">
              <value>
                <![CDATA[chrome]]>
              </value>
            </param>
          </params>
          <reporter-output>
          </reporter-output>
        </test-method> <!-- setup -->
        <test-method signature="test_contactus()[pri:0, instance:testCases.TC_024_ContactUs@272113c4]" started-at="2023-09-04T19:02:03 CEST" name="test_contactus" finished-at="2023-09-04T19:02:19 CEST" duration-ms="16212" status="PASS">
          <reporter-output>
          </reporter-output>
        </test-method> <!-- test_contactus -->
        <test-method is-config="true" signature="teadDown()[pri:0, instance:testCases.TC_024_ContactUs@272113c4]" started-at="2023-09-04T19:02:19 CEST" name="teadDown" finished-at="2023-09-04T19:02:20 CEST" duration-ms="247" status="PASS">
          <reporter-output>
          </reporter-output>
        </test-method> <!-- teadDown -->
      </class> <!-- testCases.TC_024_ContactUs -->
      <class name="testCases.TC_002_Login">
        <test-method is-config="true" signature="setup(java.lang.String)[pri:0, instance:testCases.TC_002_Login@4b0d79fc]" started-at="2023-09-04T18:55:36 CEST" name="setup" finished-at="2023-09-04T18:55:37 CEST" duration-ms="1288" status="PASS">
          <params>
            <param index="0">
              <value>
                <![CDATA[chrome]]>
              </value>
            </param>
          </params>
          <reporter-output>
          </reporter-output>
        </test-method> <!-- setup -->
        <test-method signature="test_Login()[pri:0, instance:testCases.TC_002_Login@4b0d79fc]" started-at="2023-09-04T18:55:37 CEST" name="test_Login" finished-at="2023-09-04T18:55:47 CEST" duration-ms="9923" status="PASS">
          <reporter-output>
          </reporter-output>
        </test-method> <!-- test_Login -->
        <test-method is-config="true" signature="teadDown()[pri:0, instance:testCases.TC_002_Login@4b0d79fc]" started-at="2023-09-04T18:55:47 CEST" name="teadDown" finished-at="2023-09-04T18:55:48 CEST" duration-ms="1238" status="PASS">
          <reporter-output>
          </reporter-output>
        </test-method> <!-- teadDown -->
      </class> <!-- testCases.TC_002_Login -->
      <class name="testCases.TC_005_Addcart">
        <test-method is-config="true" signature="setup(java.lang.String)[pri:0, instance:testCases.TC_005_Addcart@428640fa]" started-at="2023-09-04T18:56:07 CEST" name="setup" finished-at="2023-09-04T18:56:09 CEST" duration-ms="1715" status="PASS">
          <params>
            <param index="0">
              <value>
                <![CDATA[chrome]]>
              </value>
            </param>
          </params>
          <reporter-output>
          </reporter-output>
        </test-method> <!-- setup -->
        <test-method signature="test_addcart()[pri:0, instance:testCases.TC_005_Addcart@428640fa]" started-at="2023-09-04T18:56:09 CEST" name="test_addcart" finished-at="2023-09-04T18:56:21 CEST" duration-ms="12042" status="PASS">
          <reporter-output>
          </reporter-output>
        </test-method> <!-- test_addcart -->
        <test-method is-config="true" signature="teadDown()[pri:0, instance:testCases.TC_005_Addcart@428640fa]" started-at="2023-09-04T18:56:21 CEST" name="teadDown" finished-at="2023-09-04T18:56:21 CEST" duration-ms="250" status="PASS">
          <reporter-output>
          </reporter-output>
        </test-method> <!-- teadDown -->
      </class> <!-- testCases.TC_005_Addcart -->
      <class name="testCases.TC_023_Affiliate">
        <test-method is-config="true" signature="setup(java.lang.String)[pri:0, instance:testCases.TC_023_Affiliate@783a467b]" started-at="2023-09-04T19:01:44 CEST" name="setup" finished-at="2023-09-04T19:01:45 CEST" duration-ms="1230" status="PASS">
          <params>
            <param index="0">
              <value>
                <![CDATA[chrome]]>
              </value>
            </param>
          </params>
          <reporter-output>
          </reporter-output>
        </test-method> <!-- setup -->
        <test-method signature="test_Newletter()[pri:0, instance:testCases.TC_023_Affiliate@783a467b]" started-at="2023-09-04T19:01:45 CEST" name="test_Newletter" finished-at="2023-09-04T19:02:02 CEST" duration-ms="16208" status="PASS">
          <reporter-output>
          </reporter-output>
        </test-method> <!-- test_Newletter -->
        <test-method is-config="true" signature="teadDown()[pri:0, instance:testCases.TC_023_Affiliate@783a467b]" started-at="2023-09-04T19:02:02 CEST" name="teadDown" finished-at="2023-09-04T19:02:02 CEST" duration-ms="313" status="PASS">
          <reporter-output>
          </reporter-output>
        </test-method> <!-- teadDown -->
      </class> <!-- testCases.TC_023_Affiliate -->
    </test> <!-- OpenCart Tests -->
  </suite> <!-- OpenCart TestSuite -->
</testng-results>
